<?xml version="1.0" encoding="UTF-8"?>
<testng-results ignored="0" total="1" passed="1" failed="0" skipped="0">
  <reporter-output>
  </reporter-output>
  <suite started-at="2023-04-02T15:53:13 IST" name="Default suite" finished-at="2023-04-02T15:54:53 IST" duration-ms="100376">
    <groups>
    </groups>
    <test started-at="2023-04-02T15:53:13 IST" name="Default test" finished-at="2023-04-02T15:54:53 IST" duration-ms="100376">
      <class name="elctronicTestClass.TestClassElectronics">
        <test-method is-config="true" signature="OpenBrowser()[pri:0, instance:elctronicTestClass.TestClassElectronics@1622f1b]" started-at="2023-04-02T15:53:13 IST" name="OpenBrowser" finished-at="2023-04-02T15:54:00 IST" duration-ms="46708" status="PASS">
          <reporter-output>
          </reporter-output>
        </test-method> <!-- OpenBrowser -->
        <test-method is-config="true" signature="OpenElectronics()[pri:0, instance:elctronicTestClass.TestClassElectronics@1622f1b]" started-at="2023-04-02T15:54:00 IST" name="OpenElectronics" finished-at="2023-04-02T15:54:53 IST" duration-ms="53475" status="PASS">
          <reporter-output>
          </reporter-output>
        </test-method> <!-- OpenElectronics -->
        <test-method signature="VerifyPowerBankPage()[pri:0, instance:elctronicTestClass.TestClassElectronics@1622f1b]" started-at="2023-04-02T15:54:53 IST" name="VerifyPowerBankPage" finished-at="2023-04-02T15:54:53 IST" duration-ms="79" status="PASS">
          <reporter-output>
          </reporter-output>
        </test-method> <!-- VerifyPowerBankPage -->
        <test-method is-config="true" signature="VerifyPowerBankPageOpen()[pri:0, instance:elctronicTestClass.TestClassElectronics@1622f1b]" started-at="2023-04-02T15:54:53 IST" name="VerifyPowerBankPageOpen" finished-at="2023-04-02T15:54:53 IST" duration-ms="1" status="PASS">
          <reporter-output>
          </reporter-output>
        </test-method> <!-- VerifyPowerBankPageOpen -->
        <test-method is-config="true" signature="ClosePowerBankPage()[pri:0, instance:elctronicTestClass.TestClassElectronics@1622f1b]" started-at="2023-04-02T15:54:53 IST" name="ClosePowerBankPage" finished-at="2023-04-02T15:54:53 IST" duration-ms="1" status="PASS">
          <reporter-output>
          </reporter-output>
        </test-method> <!-- ClosePowerBankPage -->
      </class> <!-- elctronicTestClass.TestClassElectronics -->
    </test> <!-- Default test -->
  </suite> <!-- Default suite -->
</testng-results>
